<?xml version="1.0" encoding="UTF-8"?>
<!-- Generated by org.testng.reporters.JUnitXMLReporter -->
<testsuite ignored="0" hostname="DESKTOP-D8IUSTU" failures="1" tests="2" name="Regression" time="9.457" errors="0" timestamp="2023-08-29T16:45:02 IST">
  <testcase classname="riddhi_test.A_LoginTest" name="loginTest" time="4.956"/>
  <testcase classname="riddhi_test.K_AddExpensesTest" name="addExpenseForm" time="1.963">
    <failure type="java.lang.AssertionError" message="null">
      <![CDATA[java.lang.AssertionError: null
at riddhi_test.K_AddExpensesTest.addExpenseForm(K_AddExpensesTest.java:36)
at java.base/java.util.ArrayList.forEach(ArrayList.java:1511)
... Removed 29 stack frames]]>
    </failure>
  </testcase> <!-- addExpenseForm -->
</testsuite> <!-- Regression -->
