<?xml version="1.0" encoding="UTF-8"?>
<!-- Generated by org.testng.reporters.JUnitXMLReporter -->
<testsuite ignored="14" hostname="DESKTOP-D8IUSTU" failures="1" tests="15" name="Test" time="197.457" errors="0" timestamp="2023-09-01T12:18:40 IST">
  <testcase classname="riddhi_test.A_LoginTest" name="loginTest" time="34.964"/>
  <testcase classname="riddhi_test.B_SectionTest" name="showEntries" time="0.294"/>
  <testcase classname="riddhi_test.B_SectionTest" name="getListOfSections" time="29.718"/>
  <testcase classname="riddhi_test.C_AddNewContentsTest" name="getdata" time="3.837"/>
  <testcase classname="riddhi_test.D_ViewContentsTest" name="viewContentsList" time="66.416"/>
  <testcase classname="riddhi_test.D_ViewContentsTest" name="searchContentsTest" time="2.565"/>
  <testcase classname="riddhi_test.E_AddReceiptsTest" name="createNewReceipt" time="1.832"/>
  <testcase classname="riddhi_test.F_ViewReceiptsTest" name="viewReceiptByID" time="0.518"/>
  <testcase classname="riddhi_test.H_ListResidentsTest" name="getAllResidentsInfo" time="14.842"/>
  <testcase classname="riddhi_test.J_ListTenantsTest" name="getTenantsPage" time="1.177"/>
  <testcase classname="riddhi_test.J_ListTenantsTest" name="getAllTenantsInfo" time="0.658"/>
  <testcase classname="riddhi_test.J_ListTenantsTest" name="searchTenant" time="0.485"/>
  <testcase classname="riddhi_test.J_ListTenantsTest" name="viewTenantinfo" time="10.039">
    <failure type="org.openqa.selenium.NoSuchElementException" message="no such element: Unable to locate element: {&amp;quot;method&amp;quot;:&amp;quot;xpath&amp;quot;,&amp;quot;selector&amp;quot;:&amp;quot;//a[text()=&amp;apos;View&amp;apos;]&amp;quot;}
  (Session info: chrome=116.0.5845.112)
For documentation on this error, please visit: https://www.seleniumhq.org/exceptions/no_such_element.html
Build info: version: &amp;apos;3.141.59&amp;apos;, revision: &amp;apos;e82be7d358&amp;apos;, time: &amp;apos;2018-11-14T08:17:03&amp;apos;
System info: host: &amp;apos;DESKTOP-D8IUSTU&amp;apos;, ip: &amp;apos;192.168.0.135&amp;apos;, os.name: &amp;apos;Windows 10&amp;apos;, os.arch: &amp;apos;amd64&amp;apos;, os.version: &amp;apos;10.0&amp;apos;, java.version: &amp;apos;17.0.6&amp;apos;
Driver info: org.openqa.selenium.chrome.ChromeDriver
Capabilities {acceptInsecureCerts: false, browserName: chrome, browserVersion: 116.0.5845.112, chrome: {chromedriverVersion: 116.0.5845.96 (1a3918166880..., userDataDir: C:\Users\amitg\AppData\Loca...}, fedcm:accounts: true, goog:chromeOptions: {debuggerAddress: localhost:11439}, javascriptEnabled: true, networkConnectionEnabled: false, pageLoadStrategy: normal, platform: WINDOWS, platformName: WINDOWS, proxy: Proxy(), setWindowRect: true, strictFileInteractability: false, timeouts: {implicit: 0, pageLoad: 300000, script: 30000}, unhandledPromptBehavior: dismiss and notify, webauthn:extension:credBlob: true, webauthn:extension:largeBlob: true, webauthn:extension:minPinLength: true, webauthn:extension:prf: true, webauthn:virtualAuthenticators: true}
Session ID: d9002ad495da94f339228f83787964b2
*** Element info: {Using=xpath, value=//a[text()=&amp;apos;View&amp;apos;]}">
      <![CDATA[org.openqa.selenium.NoSuchElementException: no such element: Unable to locate element: {"method":"xpath","selector":"//a[text()='View']"}
  (Session info: chrome=116.0.5845.112)
For documentation on this error, please visit: https://www.seleniumhq.org/exceptions/no_such_element.html
Build info: version: '3.141.59', revision: 'e82be7d358', time: '2018-11-14T08:17:03'
System info: host: 'DESKTOP-D8IUSTU', ip: '192.168.0.135', os.name: 'Windows 10', os.arch: 'amd64', os.version: '10.0', java.version: '17.0.6'
Driver info: org.openqa.selenium.chrome.ChromeDriver
Capabilities {acceptInsecureCerts: false, browserName: chrome, browserVersion: 116.0.5845.112, chrome: {chromedriverVersion: 116.0.5845.96 (1a3918166880..., userDataDir: C:\Users\amitg\AppData\Loca...}, fedcm:accounts: true, goog:chromeOptions: {debuggerAddress: localhost:11439}, javascriptEnabled: true, networkConnectionEnabled: false, pageLoadStrategy: normal, platform: WINDOWS, platformName: WINDOWS, proxy: Proxy(), setWindowRect: true, strictFileInteractability: false, timeouts: {implicit: 0, pageLoad: 300000, script: 30000}, unhandledPromptBehavior: dismiss and notify, webauthn:extension:credBlob: true, webauthn:extension:largeBlob: true, webauthn:extension:minPinLength: true, webauthn:extension:prf: true, webauthn:virtualAuthenticators: true}
Session ID: d9002ad495da94f339228f83787964b2
*** Element info: {Using=xpath, value=//a[text()='View']}
at org.openqa.selenium.remote.http.W3CHttpResponseCodec.createException(W3CHttpResponseCodec.java:187)
at org.openqa.selenium.remote.http.W3CHttpResponseCodec.decode(W3CHttpResponseCodec.java:122)
at org.openqa.selenium.remote.http.W3CHttpResponseCodec.decode(W3CHttpResponseCodec.java:49)
at org.openqa.selenium.remote.HttpCommandExecutor.execute(HttpCommandExecutor.java:158)
at org.openqa.selenium.remote.service.DriverCommandExecutor.execute(DriverCommandExecutor.java:83)
at org.openqa.selenium.remote.RemoteWebDriver.execute(RemoteWebDriver.java:552)
at org.openqa.selenium.remote.RemoteWebDriver.findElement(RemoteWebDriver.java:323)
at org.openqa.selenium.remote.RemoteWebDriver.findElementByXPath(RemoteWebDriver.java:428)
at org.openqa.selenium.By$ByXPath.findElement(By.java:353)
at org.openqa.selenium.remote.RemoteWebDriver.findElement(RemoteWebDriver.java:315)
at org.openqa.selenium.support.pagefactory.DefaultElementLocator.findElement(DefaultElementLocator.java:69)
at org.openqa.selenium.support.pagefactory.internal.LocatingElementHandler.invoke(LocatingElementHandler.java:38)
at jdk.proxy2/jdk.proxy2.$Proxy14.click(Unknown Source)
at pomPages.J_ListTenantsPage.viewTenantInfo(J_ListTenantsPage.java:76)
at riddhi_test.J_ListTenantsTest.viewTenantinfo(J_ListTenantsTest.java:39)
at java.base/java.util.ArrayList.forEach(ArrayList.java:1511)
... Removed 32 stack frames]]>
    </failure>
  </testcase> <!-- viewTenantinfo -->
  <testcase classname="riddhi_test.K_AddExpensesTest" name="addExpenseForm" time="1.67"/>
  <testcase classname="riddhi_test.L_ListExpensesTest" name="searchExpenseByName" time="3.806"/>
  <testcase classname="riddhi_test.H_ListResidentsTest" name="deleteResident" time="0.0">
    <ignored/>
  </testcase> <!-- deleteResident -->
  <testcase classname="riddhi_test.F_ViewReceiptsTest" name="editReceiptByID" time="0.0">
    <ignored/>
  </testcase> <!-- editReceiptByID -->
  <testcase classname="riddhi_test.B_SectionTest" name="createSection" time="0.0">
    <ignored/>
  </testcase> <!-- createSection -->
  <testcase classname="riddhi_test.J_ListTenantsTest" name="showEntries" time="0.0">
    <ignored/>
  </testcase> <!-- showEntries -->
  <testcase classname="riddhi_test.F_ViewReceiptsTest" name="searchByDate" time="0.0">
    <ignored/>
  </testcase> <!-- searchByDate -->
  <testcase classname="riddhi_test.H_ListResidentsTest" name="viewResidentInfo" time="0.0">
    <ignored/>
  </testcase> <!-- viewResidentInfo -->
  <testcase classname="riddhi_test.H_ListResidentsTest" name="searchForResident" time="0.0">
    <ignored/>
  </testcase> <!-- searchForResident -->
  <testcase classname="riddhi_test.H_ListResidentsTest" name="showEntries" time="0.0">
    <ignored/>
  </testcase> <!-- showEntries -->
  <testcase classname="riddhi_test.J_ListTenantsTest" name="deleteTenant" time="0.0">
    <ignored/>
  </testcase> <!-- deleteTenant -->
  <testcase classname="riddhi_test.F_ViewReceiptsTest" name="getAllReceipts" time="0.0">
    <ignored/>
  </testcase> <!-- getAllReceipts -->
  <testcase classname="riddhi_test.F_ViewReceiptsTest" name="deleteReceiptByID" time="0.0">
    <ignored/>
  </testcase> <!-- deleteReceiptByID -->
  <testcase classname="riddhi_test.L_ListExpensesTest" name="searchExpenseByDate" time="0.0">
    <ignored/>
  </testcase> <!-- searchExpenseByDate -->
  <testcase classname="riddhi_test.B_SectionTest" name="searchSection" time="0.0">
    <ignored/>
  </testcase> <!-- searchSection -->
  <testcase classname="riddhi_test.F_ViewReceiptsTest" name="searchReceipts" time="0.0">
    <ignored/>
  </testcase> <!-- searchReceipts -->
</testsuite> <!-- Test -->
